[0.511s] Invoking command in '/home/keisoku/ros2_ws/src/joy_controller': PYTHONPATH=/home/keisoku/ros2_ws/src/joy_controller/build/joy_controller/prefix_override:/usr/lib/python3/dist-packages/colcon_core/task/python/colcon_distutils_commands:/home/keisoku/ros2_ws/src/joy_controller/install/joy_controller/lib/python3.10/site-packages:${PYTHONPATH} /usr/bin/python3 -W ignore:setup.py install is deprecated setup.py egg_info --egg-base build/joy_controller build --build-base /home/keisoku/ros2_ws/src/joy_controller/build/joy_controller/build install --record /home/keisoku/ros2_ws/src/joy_controller/build/joy_controller/install.log --single-version-externally-managed install_data
[0.627s] /home/keisoku/.local/lib/python3.10/site-packages/setuptools/_distutils/dist.py:261: UserWarning: Unknown distribution option: 'tests_require'
[0.627s]   warnings.warn(msg)
[0.699s] running egg_info
[0.711s] writing build/joy_controller/joy_controller.egg-info/PKG-INFO
[0.711s] writing dependency_links to build/joy_controller/joy_controller.egg-info/dependency_links.txt
[0.712s] writing entry points to build/joy_controller/joy_controller.egg-info/entry_points.txt
[0.712s] writing requirements to build/joy_controller/joy_controller.egg-info/requires.txt
[0.712s] writing top-level names to build/joy_controller/joy_controller.egg-info/top_level.txt
[0.736s] reading manifest file 'build/joy_controller/joy_controller.egg-info/SOURCES.txt'
[0.737s] writing manifest file 'build/joy_controller/joy_controller.egg-info/SOURCES.txt'
[0.737s] running build
[0.737s] running build_py
[0.737s] copying joy_controller/__init__.py -> /home/keisoku/ros2_ws/src/joy_controller/build/joy_controller/build/lib/joy_controller
[0.737s] copying joy_controller/controller_joy.py -> /home/keisoku/ros2_ws/src/joy_controller/build/joy_controller/build/lib/joy_controller
[0.737s] copying joy_controller/joy_controller_node.py -> /home/keisoku/ros2_ws/src/joy_controller/build/joy_controller/build/lib/joy_controller
[0.737s] running install
[0.741s] running install_lib
[0.753s] running install_data
[0.753s] copying resource/joy_controller -> /home/keisoku/ros2_ws/src/joy_controller/install/joy_controller/share/ament_index/resource_index/packages
[0.753s] copying package.xml -> /home/keisoku/ros2_ws/src/joy_controller/install/joy_controller/share/joy_controller
[0.753s] running install_egg_info
[0.766s] removing '/home/keisoku/ros2_ws/src/joy_controller/install/joy_controller/lib/python3.10/site-packages/joy_controller-0.0.0-py3.10.egg-info' (and everything under it)
[0.766s] Copying build/joy_controller/joy_controller.egg-info to /home/keisoku/ros2_ws/src/joy_controller/install/joy_controller/lib/python3.10/site-packages/joy_controller-0.0.0-py3.10.egg-info
[0.766s] running install_scripts
[0.861s] Installing joy_controller_node script to /home/keisoku/ros2_ws/src/joy_controller/install/joy_controller/lib/joy_controller
[0.861s] writing list of installed files to '/home/keisoku/ros2_ws/src/joy_controller/build/joy_controller/install.log'
[0.876s] Invoked command in '/home/keisoku/ros2_ws/src/joy_controller' returned '0': PYTHONPATH=/home/keisoku/ros2_ws/src/joy_controller/build/joy_controller/prefix_override:/usr/lib/python3/dist-packages/colcon_core/task/python/colcon_distutils_commands:/home/keisoku/ros2_ws/src/joy_controller/install/joy_controller/lib/python3.10/site-packages:${PYTHONPATH} /usr/bin/python3 -W ignore:setup.py install is deprecated setup.py egg_info --egg-base build/joy_controller build --build-base /home/keisoku/ros2_ws/src/joy_controller/build/joy_controller/build install --record /home/keisoku/ros2_ws/src/joy_controller/build/joy_controller/install.log --single-version-externally-managed install_data
