running egg_info
writing build/joy_controller/joy_controller.egg-info/PKG-INFO
writing dependency_links to build/joy_controller/joy_controller.egg-info/dependency_links.txt
writing entry points to build/joy_controller/joy_controller.egg-info/entry_points.txt
writing requirements to build/joy_controller/joy_controller.egg-info/requires.txt
writing top-level names to build/joy_controller/joy_controller.egg-info/top_level.txt
reading manifest file 'build/joy_controller/joy_controller.egg-info/SOURCES.txt'
writing manifest file 'build/joy_controller/joy_controller.egg-info/SOURCES.txt'
running build
running build_py
copying joy_controller/__init__.py -> /home/keisoku/ros2_ws/src/joy_controller/build/joy_controller/build/lib/joy_controller
copying joy_controller/controller_joy.py -> /home/keisoku/ros2_ws/src/joy_controller/build/joy_controller/build/lib/joy_controller
copying joy_controller/joy_controller_node.py -> /home/keisoku/ros2_ws/src/joy_controller/build/joy_controller/build/lib/joy_controller
running install
running install_lib
copying /home/keisoku/ros2_ws/src/joy_controller/build/joy_controller/build/lib/joy_controller/joy_controller_node.py -> /home/keisoku/ros2_ws/src/joy_controller/install/joy_controller/lib/python3.10/site-packages/joy_controller
byte-compiling /home/keisoku/ros2_ws/src/joy_controller/install/joy_controller/lib/python3.10/site-packages/joy_controller/joy_controller_node.py to joy_controller_node.cpython-310.pyc
running install_data
copying resource/joy_controller -> /home/keisoku/ros2_ws/src/joy_controller/install/joy_controller/share/ament_index/resource_index/packages
copying package.xml -> /home/keisoku/ros2_ws/src/joy_controller/install/joy_controller/share/joy_controller
running install_egg_info
removing '/home/keisoku/ros2_ws/src/joy_controller/install/joy_controller/lib/python3.10/site-packages/joy_controller-0.0.0-py3.10.egg-info' (and everything under it)
Copying build/joy_controller/joy_controller.egg-info to /home/keisoku/ros2_ws/src/joy_controller/install/joy_controller/lib/python3.10/site-packages/joy_controller-0.0.0-py3.10.egg-info
running install_scripts
Installing joy_controller_node script to /home/keisoku/ros2_ws/src/joy_controller/install/joy_controller/lib/joy_controller
writing list of installed files to '/home/keisoku/ros2_ws/src/joy_controller/build/joy_controller/install.log'
