[0.072s] DEBUG:colcon:Command line arguments: ['/usr/bin/colcon', 'build']
[0.072s] DEBUG:colcon:Parsed command line arguments: Namespace(log_base=None, log_level=None, verb_name='build', build_base='build', install_base='install', merge_install=False, symlink_install=False, test_result_base=None, continue_on_error=False, executor='parallel', parallel_workers=12, event_handlers=None, ignore_user_meta=False, metas=['./colcon.meta'], base_paths=['.'], packages_ignore=None, packages_ignore_regex=None, paths=None, packages_up_to=None, packages_up_to_regex=None, packages_above=None, packages_above_and_dependencies=None, packages_above_depth=None, packages_select_by_dep=None, packages_skip_by_dep=None, packages_skip_up_to=None, packages_select_build_failed=False, packages_skip_build_finished=False, packages_select_test_failures=False, packages_skip_test_passed=False, packages_select=None, packages_skip=None, packages_select_regex=None, packages_skip_regex=None, packages_start=None, packages_end=None, allow_overriding=[], cmake_args=None, cmake_target=None, cmake_target_skip_unavailable=False, cmake_clean_cache=False, cmake_clean_first=False, cmake_force_configure=False, ament_cmake_args=None, catkin_cmake_args=None, catkin_skip_building_tests=False, verb_parser=<colcon_defaults.argument_parser.defaults.DefaultArgumentsDecorator object at 0x7c0208a3efe0>, verb_extension=<colcon_core.verb.build.BuildVerb object at 0x7c0208a3dfc0>, main=<bound method BuildVerb.main of <colcon_core.verb.build.BuildVerb object at 0x7c0208a3dfc0>>)
[0.098s] Level 1:colcon.colcon_core.package_discovery:discover_packages(colcon_meta) check parameters
[0.098s] Level 1:colcon.colcon_core.package_discovery:discover_packages(recursive) check parameters
[0.098s] Level 1:colcon.colcon_core.package_discovery:discover_packages(ignore) check parameters
[0.098s] Level 1:colcon.colcon_core.package_discovery:discover_packages(path) check parameters
[0.098s] Level 1:colcon.colcon_core.package_discovery:discover_packages(colcon_meta) discover
[0.098s] Level 1:colcon.colcon_core.package_discovery:discover_packages(recursive) discover
[0.098s] INFO:colcon.colcon_core.package_discovery:Crawling recursively for packages in '/home/keisoku/ros2_ws/src/joy_controller'
[0.098s] Level 1:colcon.colcon_core.package_identification:_identify(.) by extensions ['ignore', 'ignore_ament_install']
[0.098s] Level 1:colcon.colcon_core.package_identification:_identify(.) by extension 'ignore'
[0.098s] Level 1:colcon.colcon_core.package_identification:_identify(.) by extension 'ignore_ament_install'
[0.098s] Level 1:colcon.colcon_core.package_identification:_identify(.) by extensions ['colcon_pkg']
[0.098s] Level 1:colcon.colcon_core.package_identification:_identify(.) by extension 'colcon_pkg'
[0.098s] Level 1:colcon.colcon_core.package_identification:_identify(.) by extensions ['colcon_meta']
[0.098s] Level 1:colcon.colcon_core.package_identification:_identify(.) by extension 'colcon_meta'
[0.098s] Level 1:colcon.colcon_core.package_identification:_identify(.) by extensions ['ros']
[0.098s] Level 1:colcon.colcon_core.package_identification:_identify(.) by extension 'ros'
[0.110s] DEBUG:colcon.colcon_core.package_identification:Package '.' with type 'ros.ament_python' and name 'joy_controller'
[0.110s] Level 1:colcon.colcon_core.package_discovery:discover_packages(recursive) using defaults
[0.110s] Level 1:colcon.colcon_core.package_discovery:discover_packages(ignore) discover
[0.110s] Level 1:colcon.colcon_core.package_discovery:discover_packages(ignore) using defaults
[0.110s] Level 1:colcon.colcon_core.package_discovery:discover_packages(path) discover
[0.110s] Level 1:colcon.colcon_core.package_discovery:discover_packages(path) using defaults
[0.123s] Level 1:colcon.colcon_core.package_discovery:discover_packages(prefix_path) check parameters
[0.123s] Level 1:colcon.colcon_core.package_discovery:discover_packages(prefix_path) discover
[0.125s] DEBUG:colcon.colcon_installed_package_information.package_discovery:Found 1 installed packages in /home/keisoku/ros2_ws/src/joy_controller/install
[0.125s] DEBUG:colcon.colcon_installed_package_information.package_discovery:Found 16 installed packages in /home/keisoku/ros2_ws/install
[0.126s] DEBUG:colcon.colcon_installed_package_information.package_discovery:Found 1 installed packages in /home/keisoku/Arduino/libraries/vs_wrc058_mecanumrover/examples/mecanumrover3_ros2/install
[0.126s] DEBUG:colcon.colcon_installed_package_information.package_discovery:Found 2 installed packages in /home/keisoku/Arduino/install
[0.126s] DEBUG:colcon.colcon_installed_package_information.package_discovery:Found 3 installed packages in /home/keisoku/uros_ws/install
[0.127s] DEBUG:colcon.colcon_installed_package_information.package_discovery:Found 373 installed packages in /opt/ros/humble
[0.128s] Level 1:colcon.colcon_core.package_discovery:discover_packages(prefix_path) using defaults
[0.158s] Level 5:colcon.colcon_core.verb:set package 'joy_controller' build argument 'cmake_args' from command line to 'None'
[0.158s] Level 5:colcon.colcon_core.verb:set package 'joy_controller' build argument 'cmake_target' from command line to 'None'
[0.158s] Level 5:colcon.colcon_core.verb:set package 'joy_controller' build argument 'cmake_target_skip_unavailable' from command line to 'False'
[0.158s] Level 5:colcon.colcon_core.verb:set package 'joy_controller' build argument 'cmake_clean_cache' from command line to 'False'
[0.158s] Level 5:colcon.colcon_core.verb:set package 'joy_controller' build argument 'cmake_clean_first' from command line to 'False'
[0.158s] Level 5:colcon.colcon_core.verb:set package 'joy_controller' build argument 'cmake_force_configure' from command line to 'False'
[0.158s] Level 5:colcon.colcon_core.verb:set package 'joy_controller' build argument 'ament_cmake_args' from command line to 'None'
[0.158s] Level 5:colcon.colcon_core.verb:set package 'joy_controller' build argument 'catkin_cmake_args' from command line to 'None'
[0.158s] Level 5:colcon.colcon_core.verb:set package 'joy_controller' build argument 'catkin_skip_building_tests' from command line to 'False'
[0.158s] DEBUG:colcon.colcon_core.verb:Building package 'joy_controller' with the following arguments: {'ament_cmake_args': None, 'build_base': '/home/keisoku/ros2_ws/src/joy_controller/build/joy_controller', 'catkin_cmake_args': None, 'catkin_skip_building_tests': False, 'cmake_args': None, 'cmake_clean_cache': False, 'cmake_clean_first': False, 'cmake_force_configure': False, 'cmake_target': None, 'cmake_target_skip_unavailable': False, 'install_base': '/home/keisoku/ros2_ws/src/joy_controller/install/joy_controller', 'merge_install': False, 'path': '/home/keisoku/ros2_ws/src/joy_controller', 'symlink_install': False, 'test_result_base': None}
[0.158s] INFO:colcon.colcon_core.executor:Executing jobs using 'parallel' executor
[0.159s] DEBUG:colcon.colcon_parallel_executor.executor.parallel:run_until_complete
[0.159s] INFO:colcon.colcon_ros.task.ament_python.build:Building ROS package in '/home/keisoku/ros2_ws/src/joy_controller' with build type 'ament_python'
[0.159s] Level 1:colcon.colcon_core.shell:create_environment_hook('joy_controller', 'ament_prefix_path')
[0.160s] INFO:colcon.colcon_core.plugin_system:Skipping extension 'colcon_core.shell.bat': Not used on non-Windows systems
[0.160s] INFO:colcon.colcon_core.shell:Creating environment hook '/home/keisoku/ros2_ws/src/joy_controller/install/joy_controller/share/joy_controller/hook/ament_prefix_path.ps1'
[0.161s] INFO:colcon.colcon_core.shell:Creating environment descriptor '/home/keisoku/ros2_ws/src/joy_controller/install/joy_controller/share/joy_controller/hook/ament_prefix_path.dsv'
[0.161s] INFO:colcon.colcon_core.shell:Creating environment hook '/home/keisoku/ros2_ws/src/joy_controller/install/joy_controller/share/joy_controller/hook/ament_prefix_path.sh'
[0.162s] INFO:colcon.colcon_core.shell:Skip shell extension 'powershell' for command environment: Not usable outside of PowerShell
[0.162s] DEBUG:colcon.colcon_core.shell:Skip shell extension 'dsv' for command environment
[0.308s] INFO:colcon.colcon_core.task.python.build:Building Python package in '/home/keisoku/ros2_ws/src/joy_controller'
[0.309s] INFO:colcon.colcon_core.shell:Skip shell extension 'powershell' for command environment: Not usable outside of PowerShell
[0.309s] DEBUG:colcon.colcon_core.shell:Skip shell extension 'dsv' for command environment
[0.669s] DEBUG:colcon.colcon_core.event_handler.log_command:Invoking command in '/home/keisoku/ros2_ws/src/joy_controller': PYTHONPATH=/home/keisoku/ros2_ws/src/joy_controller/build/joy_controller/prefix_override:/usr/lib/python3/dist-packages/colcon_core/task/python/colcon_distutils_commands:/home/keisoku/ros2_ws/src/joy_controller/install/joy_controller/lib/python3.10/site-packages:${PYTHONPATH} /usr/bin/python3 -W ignore:setup.py install is deprecated setup.py egg_info --egg-base build/joy_controller build --build-base /home/keisoku/ros2_ws/src/joy_controller/build/joy_controller/build install --record /home/keisoku/ros2_ws/src/joy_controller/build/joy_controller/install.log --single-version-externally-managed install_data
[1.030s] DEBUG:colcon.colcon_core.event_handler.log_command:Invoked command in '/home/keisoku/ros2_ws/src/joy_controller' returned '0': PYTHONPATH=/home/keisoku/ros2_ws/src/joy_controller/build/joy_controller/prefix_override:/usr/lib/python3/dist-packages/colcon_core/task/python/colcon_distutils_commands:/home/keisoku/ros2_ws/src/joy_controller/install/joy_controller/lib/python3.10/site-packages:${PYTHONPATH} /usr/bin/python3 -W ignore:setup.py install is deprecated setup.py egg_info --egg-base build/joy_controller build --build-base /home/keisoku/ros2_ws/src/joy_controller/build/joy_controller/build install --record /home/keisoku/ros2_ws/src/joy_controller/build/joy_controller/install.log --single-version-externally-managed install_data
[1.031s] Level 1:colcon.colcon_core.environment:checking '/home/keisoku/ros2_ws/src/joy_controller/install/joy_controller' for CMake module files
[1.032s] Level 1:colcon.colcon_core.environment:checking '/home/keisoku/ros2_ws/src/joy_controller/install/joy_controller' for CMake config files
[1.032s] Level 1:colcon.colcon_core.environment:checking '/home/keisoku/ros2_ws/src/joy_controller/install/joy_controller/lib'
[1.032s] Level 1:colcon.colcon_core.environment:checking '/home/keisoku/ros2_ws/src/joy_controller/install/joy_controller/bin'
[1.032s] Level 1:colcon.colcon_core.environment:checking '/home/keisoku/ros2_ws/src/joy_controller/install/joy_controller/lib/pkgconfig/joy_controller.pc'
[1.032s] Level 1:colcon.colcon_core.environment:checking '/home/keisoku/ros2_ws/src/joy_controller/install/joy_controller/lib/python3.10/site-packages'
[1.033s] Level 1:colcon.colcon_core.shell:create_environment_hook('joy_controller', 'pythonpath')
[1.033s] INFO:colcon.colcon_core.shell:Creating environment hook '/home/keisoku/ros2_ws/src/joy_controller/install/joy_controller/share/joy_controller/hook/pythonpath.ps1'
[1.033s] INFO:colcon.colcon_core.shell:Creating environment descriptor '/home/keisoku/ros2_ws/src/joy_controller/install/joy_controller/share/joy_controller/hook/pythonpath.dsv'
[1.033s] INFO:colcon.colcon_core.shell:Creating environment hook '/home/keisoku/ros2_ws/src/joy_controller/install/joy_controller/share/joy_controller/hook/pythonpath.sh'
[1.034s] Level 1:colcon.colcon_core.environment:checking '/home/keisoku/ros2_ws/src/joy_controller/install/joy_controller/bin'
[1.034s] Level 1:colcon.colcon_core.environment:create_environment_scripts_only(joy_controller)
[1.034s] INFO:colcon.colcon_core.shell:Creating package script '/home/keisoku/ros2_ws/src/joy_controller/install/joy_controller/share/joy_controller/package.ps1'
[1.034s] INFO:colcon.colcon_core.shell:Creating package descriptor '/home/keisoku/ros2_ws/src/joy_controller/install/joy_controller/share/joy_controller/package.dsv'
[1.035s] INFO:colcon.colcon_core.shell:Creating package script '/home/keisoku/ros2_ws/src/joy_controller/install/joy_controller/share/joy_controller/package.sh'
[1.035s] INFO:colcon.colcon_core.shell:Creating package script '/home/keisoku/ros2_ws/src/joy_controller/install/joy_controller/share/joy_controller/package.bash'
[1.036s] INFO:colcon.colcon_core.shell:Creating package script '/home/keisoku/ros2_ws/src/joy_controller/install/joy_controller/share/joy_controller/package.zsh'
[1.036s] Level 1:colcon.colcon_core.environment:create_file_with_runtime_dependencies(/home/keisoku/ros2_ws/src/joy_controller/install/joy_controller/share/colcon-core/packages/joy_controller)
[1.036s] DEBUG:colcon.colcon_parallel_executor.executor.parallel:closing loop
[1.037s] DEBUG:colcon.colcon_parallel_executor.executor.parallel:loop closed
[1.037s] DEBUG:colcon.colcon_parallel_executor.executor.parallel:run_until_complete finished with '0'
[1.037s] DEBUG:colcon.colcon_core.event_reactor:joining thread
[1.040s] INFO:colcon.colcon_core.plugin_system:Skipping extension 'colcon_notification.desktop_notification.terminal_notifier': Not used on non-Darwin systems
[1.040s] INFO:colcon.colcon_core.plugin_system:Skipping extension 'colcon_notification.desktop_notification.win32': Not used on non-Windows systems
[1.040s] INFO:colcon.colcon_notification.desktop_notification:Sending desktop notification using 'notify2'
[1.047s] DEBUG:colcon.colcon_core.event_reactor:joined thread
[1.047s] INFO:colcon.colcon_core.shell:Creating prefix script '/home/keisoku/ros2_ws/src/joy_controller/install/local_setup.ps1'
[1.048s] INFO:colcon.colcon_core.shell:Creating prefix util module '/home/keisoku/ros2_ws/src/joy_controller/install/_local_setup_util_ps1.py'
[1.049s] INFO:colcon.colcon_core.shell:Creating prefix chain script '/home/keisoku/ros2_ws/src/joy_controller/install/setup.ps1'
[1.050s] INFO:colcon.colcon_core.shell:Creating prefix script '/home/keisoku/ros2_ws/src/joy_controller/install/local_setup.sh'
[1.050s] INFO:colcon.colcon_core.shell:Creating prefix util module '/home/keisoku/ros2_ws/src/joy_controller/install/_local_setup_util_sh.py'
[1.051s] INFO:colcon.colcon_core.shell:Creating prefix chain script '/home/keisoku/ros2_ws/src/joy_controller/install/setup.sh'
[1.052s] INFO:colcon.colcon_core.shell:Creating prefix script '/home/keisoku/ros2_ws/src/joy_controller/install/local_setup.bash'
[1.052s] INFO:colcon.colcon_core.shell:Creating prefix chain script '/home/keisoku/ros2_ws/src/joy_controller/install/setup.bash'
[1.053s] INFO:colcon.colcon_core.shell:Creating prefix script '/home/keisoku/ros2_ws/src/joy_controller/install/local_setup.zsh'
[1.054s] INFO:colcon.colcon_core.shell:Creating prefix chain script '/home/keisoku/ros2_ws/src/joy_controller/install/setup.zsh'
